<?xml version="1.0" encoding="UTF-8"?>
<!-- Generated by org.testng.reporters.JUnitReportReporter -->
<testsuite skipped="0" hostname="LAPTOP-GGEQTGMO" name="basicAnnotations.TestNGClass1" tests="11" failures="0" timestamp="25 Aug 2019 17:11:39 GMT" time="0.063" errors="0">
  <testcase name="loginName" time="0.004" classname="basicAnnotations.TestNGClass1"/>
  <testcase name="loginName" time="0.002" classname="basicAnnotations.TestNGClass1"/>
  <testcase name="loginName" time="0.003" classname="basicAnnotations.TestNGClass1"/>
  <testcase name="loginName" time="0.000" classname="basicAnnotations.TestNGClass1"/>
  <testcase name="loginName" time="0.001" classname="basicAnnotations.TestNGClass1"/>
  <testcase name="loginName" time="0.010" classname="basicAnnotations.TestNGClass1"/>
  <testcase name="loginName" time="0.000" classname="basicAnnotations.TestNGClass1"/>
  <testcase name="loginName" time="0.012" classname="basicAnnotations.TestNGClass1"/>
  <testcase name="loginName" time="0.000" classname="basicAnnotations.TestNGClass1"/>
  <testcase name="loginName" time="0.031" classname="basicAnnotations.TestNGClass1"/>
  <testcase name="loginName" time="0.000" classname="basicAnnotations.TestNGClass1"/>
</testsuite> <!-- basicAnnotations.TestNGClass1 -->
