<?xml version="1.0" encoding="UTF-8"?>
<!-- Generated by org.testng.reporters.JUnitReportReporter -->
<testsuite skipped="2" hostname="LAPTOP-GGEQTGMO" name="basicAnnotations2.TestClass1" tests="2" failures="0" timestamp="26 Aug 2019 14:39:40 GMT" time="0.013" errors="0">
  <testcase name="test1" time="0.000" classname="basicAnnotations2.TestClass1">
    <skipped/>
  </testcase> <!-- test1 -->
  <testcase name="test2" time="0.013" classname="basicAnnotations2.TestClass1">
    <skipped/>
  </testcase> <!-- test2 -->
</testsuite> <!-- basicAnnotations2.TestClass1 -->
