<?xml version="1.0" encoding="UTF-8"?>
<!-- Generated by org.testng.reporters.JUnitReportReporter -->
<testsuite skipped="0" hostname="LAPTOP-GGEQTGMO" name="basicAnnotations.HWTestNGClass" tests="11" failures="0" timestamp="27 Aug 2019 17:22:26 GMT" time="0.030" errors="0">
  <testcase name="loginName" time="0.000" classname="basicAnnotations.HWTestNGClass"/>
  <testcase name="loginName" time="0.001" classname="basicAnnotations.HWTestNGClass"/>
  <testcase name="loginName" time="0.005" classname="basicAnnotations.HWTestNGClass"/>
  <testcase name="loginName" time="0.001" classname="basicAnnotations.HWTestNGClass"/>
  <testcase name="loginName" time="0.000" classname="basicAnnotations.HWTestNGClass"/>
  <testcase name="loginName" time="0.000" classname="basicAnnotations.HWTestNGClass"/>
  <testcase name="loginName" time="0.002" classname="basicAnnotations.HWTestNGClass"/>
  <testcase name="loginName" time="0.005" classname="basicAnnotations.HWTestNGClass"/>
  <testcase name="loginName" time="0.001" classname="basicAnnotations.HWTestNGClass"/>
  <testcase name="loginName" time="0.013" classname="basicAnnotations.HWTestNGClass"/>
  <testcase name="loginName" time="0.002" classname="basicAnnotations.HWTestNGClass"/>
</testsuite> <!-- basicAnnotations.HWTestNGClass -->
