<?xml version="1.0" encoding="UTF-8"?>
<!-- Generated by org.testng.reporters.JUnitReportReporter -->
<testsuite skipped="0" hostname="LAPTOP-GGEQTGMO" name="basicAnnotations2.TestClass2" tests="5" failures="0" timestamp="26 Aug 2019 14:43:04 GMT" time="0.020" errors="0">
  <testcase name="test1" time="0.006" classname="basicAnnotations2.TestClass2"/>
  <testcase name="afterMethod" time="0.012" classname="basicAnnotations2.TestClass2"/>
  <testcase name="test3" time="0.000" classname="basicAnnotations2.TestClass2"/>
  <testcase name="test2" time="0.000" classname="basicAnnotations2.TestClass2"/>
  <testcase name="beforeMethod" time="0.002" classname="basicAnnotations2.TestClass2"/>
</testsuite> <!-- basicAnnotations2.TestClass2 -->
