<?xml version="1.0" encoding="UTF-8"?>
<!-- Generated by org.testng.reporters.JUnitReportReporter -->
<testsuite skipped="0" hostname="LAPTOP-GGEQTGMO" name="basicSelenium.TicketBook1" tests="1" failures="0" timestamp="1 Sep 2019 17:23:13 GMT" time="28.400" errors="0">
  <testcase name="bookTicket1" time="28.400" classname="basicSelenium.TicketBook1"/>
</testsuite> <!-- basicSelenium.TicketBook1 -->
