<?xml version="1.0" encoding="UTF-8"?>
<!-- Generated by org.testng.reporters.JUnitReportReporter -->
<testsuite skipped="0" hostname="LAPTOP-GGEQTGMO" name="basicSelenium.TestClass3" tests="1" failures="0" timestamp="30 Aug 2019 15:33:02 GMT" time="8.078" errors="0">
  <testcase name="test1" time="8.078" classname="basicSelenium.TestClass3"/>
</testsuite> <!-- basicSelenium.TestClass3 -->
