<?xml version="1.0" encoding="UTF-8"?>
<!-- Generated by org.testng.reporters.JUnitReportReporter -->
<testsuite skipped="0" hostname="LAPTOP-GGEQTGMO" name="basicSelenium.TestClass2" tests="1" failures="0" timestamp="30 Aug 2019 15:20:21 GMT" time="29.812" errors="0">
  <testcase name="bookAFlight" time="29.812" classname="basicSelenium.TestClass2"/>
</testsuite> <!-- basicSelenium.TestClass2 -->
