<?xml version="1.0" encoding="UTF-8"?>
<!-- Generated by org.testng.reporters.JUnitReportReporter -->
<testsuite skipped="0" hostname="LAPTOP-GGEQTGMO" name="basicSelenium.FirstSeleniumClass" tests="1" failures="0" timestamp="28 Aug 2019 17:04:41 GMT" time="82.240" errors="0">
  <testcase name="login" time="82.240" classname="basicSelenium.FirstSeleniumClass"/>
</testsuite> <!-- basicSelenium.FirstSeleniumClass -->
