<?xml version="1.0" encoding="UTF-8"?>
<!-- Generated by org.testng.reporters.JUnitReportReporter -->
<testsuite skipped="0" hostname="LAPTOP-GGEQTGMO" name="basicSelenium.Flipkart1" tests="1" failures="0" timestamp="4 Sep 2019 15:57:16 GMT" time="9.261" errors="0">
  <testcase name="test1" time="9.261" classname="basicSelenium.Flipkart1"/>
</testsuite> <!-- basicSelenium.Flipkart1 -->
