<?xml version="1.0" encoding="UTF-8"?>
<!-- Generated by org.testng.reporters.JUnitReportReporter -->
<testsuite skipped="0" hostname="LAPTOP-GGEQTGMO" name="basicSelenium.TestClass2" tests="1" failures="0" timestamp="31 Aug 2019 13:26:06 GMT" time="109.185" errors="0">
  <testcase name="bookAFlight" time="109.185" classname="basicSelenium.TestClass2"/>
</testsuite> <!-- basicSelenium.TestClass2 -->
