<?xml version="1.0" encoding="UTF-8"?>
<!-- Generated by org.testng.reporters.JUnitReportReporter -->
<testsuite skipped="0" hostname="LAPTOP-GGEQTGMO" name="basicSelenium.TestClass2" tests="1" failures="0" timestamp="29 Aug 2019 15:55:11 GMT" time="30.594" errors="0">
  <testcase name="bookAFlight" time="30.594" classname="basicSelenium.TestClass2"/>
</testsuite> <!-- basicSelenium.TestClass2 -->
