<?xml version="1.0" encoding="UTF-8"?>
<!-- Generated by org.testng.reporters.JUnitReportReporter -->
<testsuite skipped="0" hostname="LAPTOP-GGEQTGMO" name="testScript.TC_BookAFlightOneWayOnePassanger" tests="2" failures="0" timestamp="10 Sep 2019 15:17:56 GMT" time="118.781" errors="0">
  <testcase name="login" time="117.566" classname="testScript.TC_BookAFlightOneWayOnePassanger"/>
  <testcase name="bookAFLight" time="1.215" classname="testScript.TC_BookAFlightOneWayOnePassanger"/>
</testsuite> <!-- testScript.TC_BookAFlightOneWayOnePassanger -->
