<?xml version="1.0" encoding="UTF-8"?>
<!-- Generated by org.testng.reporters.JUnitReportReporter -->
<testsuite skipped="0" hostname="LAPTOP-GGEQTGMO" name="testScript.TC_BookAFlightOneWayOnePassanger" tests="1" failures="0" timestamp="9 Sep 2019 16:12:46 GMT" time="13.307" errors="0">
  <testcase name="script" time="13.307" classname="testScript.TC_BookAFlightOneWayOnePassanger"/>
</testsuite> <!-- testScript.TC_BookAFlightOneWayOnePassanger -->
