<?xml version="1.0" encoding="UTF-8"?>
<!-- Generated by org.testng.reporters.JUnitReportReporter -->
<testsuite skipped="0" hostname="LAPTOP-GGEQTGMO" name="apitesting.createRecord" tests="1" failures="0" timestamp="23 Sep 2019 15:31:42 GMT" time="4.067" errors="0">
  <testcase name="create" time="4.067" classname="apitesting.createRecord"/>
</testsuite> <!-- apitesting.createRecord -->
